<?xml version="1.0" encoding="UTF-8"?>
<!-- Generated by org.testng.reporters.JUnitReportReporter -->
<testsuite hostname="Jessy" failures="0" tests="1" name="RestAssuredApiTest" time="2.762" errors="0" timestamp="2024-05-11T09:47:02 SAST" skipped="0">
  <testcase classname="RestAssuredApiTest" name="TestApi" time="2.762"/>
  <system-out/>
</testsuite> <!-- RestAssuredApiTest -->
