<?xml version="1.0" encoding="UTF-8"?>
<!-- Generated by org.testng.reporters.JUnitReportReporter -->
<testsuite hostname="Jessy" failures="0" tests="1" name="RestAPIInvestec" time="1.639" errors="0" timestamp="2024-05-21T07:42:40 SAST" skipped="0">
  <testcase classname="RestAPIInvestec" name="jsonIterateArr" time="1.639"/>
  <system-out/>
</testsuite> <!-- RestAPIInvestec -->
